2025-12-03 00:07:26,520 - implementation - INFO - Cortex IR System v1.0.0 initialized
2025-12-03 00:07:37,126 - utils - INFO - Initializing Cortex IR Pipeline...
2025-12-03 00:07:37,126 - utils - INFO - Loading spaCy model: en_core_web_sm
2025-12-03 00:07:38,648 - utils - INFO - Loading vocabulary for spell checker...
2025-12-03 00:07:39,090 - utils - INFO - Loaded 21795 terms into spell checker
2025-12-03 00:07:39,091 - utils - INFO - Query processor initialized
2025-12-03 00:07:39,131 - utils - INFO - Loading cross-encoder model: cross-encoder/ms-marco-MiniLM-L-6-v2
2025-12-03 00:07:39,132 - utils - INFO - Using device: cpu
2025-12-03 00:07:41,828 - utils - INFO - Neural reranker initialized
2025-12-03 00:07:41,828 - utils - INFO - Ensemble reranker initialized
2025-12-03 00:07:41,828 - utils - INFO - Post-processor initialized
2025-12-03 00:07:42,821 - utils - INFO - Loading processed data for Boolean Retrieval...
2025-12-03 00:07:43,017 - utils - INFO - Building positional inverted index for 2692 articles...
2025-12-03 00:07:44,402 - utils - INFO - Inverted index built with 21795 terms
2025-12-03 00:07:44,402 - utils - INFO - build_index completed in 1385.85ms
2025-12-03 00:07:44,437 - utils - INFO - Loading BM25 index from /home/haseeb-raza/Desktop/IR_Assignment_3/implementation/indexes/bm25_index
2025-12-03 00:07:44,460 - utils - INFO - BM25 index loaded successfully
2025-12-03 00:07:44,707 - utils - INFO - Loading dense embeddings from /home/haseeb-raza/Desktop/IR_Assignment_3/implementation/indexes/dense_embeddings.npy
2025-12-03 00:07:44,708 - utils - INFO - Dense embeddings loaded: shape=(2692, 384)
2025-12-03 00:07:50,011 - utils - INFO - Loading dense retrieval model: sentence-transformers/all-MiniLM-L6-v2
2025-12-03 00:07:53,792 - utils - INFO - Retriever loaded with 2692 articles
2025-12-03 00:07:53,792 - utils - INFO - Loading indices...
2025-12-03 00:07:53,793 - utils - INFO - Loading BM25 index...
2025-12-03 00:07:53,793 - utils - INFO - Loading BM25 index from /home/haseeb-raza/Desktop/IR_Assignment_3/implementation/indexes/bm25_index
2025-12-03 00:07:53,808 - utils - INFO - BM25 index loaded successfully
2025-12-03 00:07:53,809 - utils - INFO - Loading article metadata...
2025-12-03 00:07:54,031 - utils - INFO - Loading dense embeddings...
2025-12-03 00:07:54,031 - utils - INFO - Loading dense embeddings from /home/haseeb-raza/Desktop/IR_Assignment_3/implementation/indexes/dense_embeddings.npy
2025-12-03 00:07:54,033 - utils - INFO - Dense embeddings loaded: shape=(2692, 384)
2025-12-03 00:07:57,896 - utils - INFO - Loading dense retrieval model: sentence-transformers/all-MiniLM-L6-v2
2025-12-03 00:08:01,339 - utils - INFO - Retriever loaded with 2692 articles
2025-12-03 00:08:01,340 - utils - INFO - Indices loaded: 2692 articles indexed
2025-12-03 00:08:01,340 - utils - INFO - Pipeline initialized successfully!
2025-12-03 00:08:01,340 - utils - INFO - Processing query: 'business AND (merger OR acquisition)'
2025-12-03 00:08:01,359 - utils - INFO - Query processed: 'business AND (merger OR acquisition)' -> type='exploratory'
2025-12-03 00:08:01,360 - utils - INFO - process completed in 19.64ms
2025-12-03 00:08:01,360 - utils - INFO - Query Processing completed in 19.84ms
2025-12-03 00:09:27,367 - utils - INFO - Retrieval completed in 86006.53ms
2025-12-03 00:10:47,505 - implementation - INFO - Cortex IR System v1.0.0 initialized
2025-12-03 00:10:59,969 - utils - INFO - Initializing Cortex IR Pipeline...
2025-12-03 00:10:59,969 - utils - INFO - Loading spaCy model: en_core_web_sm
2025-12-03 00:11:01,335 - utils - INFO - Loading vocabulary for spell checker...
2025-12-03 00:11:01,923 - utils - INFO - Loaded 21795 terms into spell checker
2025-12-03 00:11:01,923 - utils - INFO - Query processor initialized
2025-12-03 00:11:01,977 - utils - INFO - Loading cross-encoder model: cross-encoder/ms-marco-MiniLM-L-6-v2
2025-12-03 00:11:01,978 - utils - INFO - Using device: cpu
2025-12-03 00:11:04,237 - utils - INFO - Neural reranker initialized
2025-12-03 00:11:04,237 - utils - INFO - Ensemble reranker initialized
2025-12-03 00:11:04,238 - utils - INFO - Post-processor initialized
2025-12-03 00:11:05,143 - utils - INFO - Loading processed data for Boolean Retrieval...
2025-12-03 00:11:05,387 - utils - INFO - Building positional inverted index for 2692 articles...
2025-12-03 00:11:06,635 - utils - INFO - Inverted index built with 21795 terms
2025-12-03 00:11:06,636 - utils - INFO - build_index completed in 1248.34ms
2025-12-03 00:11:06,670 - utils - INFO - Loading BM25 index from /home/haseeb-raza/Desktop/IR_Assignment_3/implementation/indexes/bm25_index
2025-12-03 00:11:06,689 - utils - INFO - BM25 index loaded successfully
2025-12-03 00:11:06,880 - utils - INFO - Loading dense embeddings from /home/haseeb-raza/Desktop/IR_Assignment_3/implementation/indexes/dense_embeddings.npy
2025-12-03 00:11:06,882 - utils - INFO - Dense embeddings loaded: shape=(2692, 384)
2025-12-03 00:11:10,166 - utils - INFO - Loading dense retrieval model: sentence-transformers/all-MiniLM-L6-v2
2025-12-03 00:11:13,378 - utils - INFO - Retriever loaded with 2692 articles
2025-12-03 00:11:13,378 - utils - INFO - Loading indices...
2025-12-03 00:11:13,379 - utils - INFO - Loading BM25 index...
2025-12-03 00:11:13,379 - utils - INFO - Loading BM25 index from /home/haseeb-raza/Desktop/IR_Assignment_3/implementation/indexes/bm25_index
2025-12-03 00:11:13,394 - utils - INFO - BM25 index loaded successfully
2025-12-03 00:11:13,394 - utils - INFO - Loading article metadata...
2025-12-03 00:11:13,641 - utils - INFO - Loading dense embeddings...
2025-12-03 00:11:13,641 - utils - INFO - Loading dense embeddings from /home/haseeb-raza/Desktop/IR_Assignment_3/implementation/indexes/dense_embeddings.npy
2025-12-03 00:11:13,643 - utils - INFO - Dense embeddings loaded: shape=(2692, 384)
2025-12-03 00:11:16,882 - utils - INFO - Loading dense retrieval model: sentence-transformers/all-MiniLM-L6-v2
2025-12-03 00:11:20,194 - utils - INFO - Retriever loaded with 2692 articles
2025-12-03 00:11:20,196 - utils - INFO - Indices loaded: 2692 articles indexed
2025-12-03 00:11:20,198 - utils - INFO - Pipeline initialized successfully!
2025-12-03 00:11:20,203 - utils - INFO - Processing query: 'business AND (merger OR acquisition)'
2025-12-03 00:11:20,244 - utils - INFO - Query processed: 'business AND (merger OR acquisition)' -> type='exploratory'
2025-12-03 00:11:20,244 - utils - INFO - process completed in 41.65ms
2025-12-03 00:11:20,245 - utils - INFO - Query Processing completed in 41.84ms
2025-12-03 00:15:11,198 - utils - INFO - Retrieval completed in 230953.27ms
2025-12-03 00:16:27,965 - implementation - INFO - Cortex IR System v1.0.0 initialized
2025-12-03 00:16:37,442 - utils - INFO - Initializing Cortex IR Pipeline...
2025-12-03 00:16:37,444 - utils - INFO - Loading spaCy model: en_core_web_sm
2025-12-03 00:16:39,368 - utils - INFO - Loading vocabulary for spell checker...
2025-12-03 00:16:39,804 - utils - INFO - Loaded 21795 terms into spell checker
2025-12-03 00:16:39,805 - utils - INFO - Query processor initialized
2025-12-03 00:16:39,844 - utils - INFO - Loading cross-encoder model: cross-encoder/ms-marco-MiniLM-L-6-v2
2025-12-03 00:16:39,844 - utils - INFO - Using device: cpu
2025-12-03 00:16:42,303 - utils - INFO - Neural reranker initialized
2025-12-03 00:16:42,303 - utils - INFO - Ensemble reranker initialized
2025-12-03 00:16:42,303 - utils - INFO - Post-processor initialized
2025-12-03 00:16:43,367 - utils - INFO - Loading processed data for Boolean Retrieval...
2025-12-03 00:16:43,605 - utils - INFO - Building positional inverted index for 2692 articles...
2025-12-03 00:16:45,067 - utils - INFO - Inverted index built with 21795 terms
2025-12-03 00:16:45,068 - utils - INFO - build_index completed in 1463.06ms
2025-12-03 00:16:45,108 - utils - INFO - Loading BM25 index from /home/haseeb-raza/Desktop/IR_Assignment_3/implementation/indexes/bm25_index
2025-12-03 00:16:45,127 - utils - INFO - BM25 index loaded successfully
2025-12-03 00:16:45,306 - utils - INFO - Loading dense embeddings from /home/haseeb-raza/Desktop/IR_Assignment_3/implementation/indexes/dense_embeddings.npy
2025-12-03 00:16:45,307 - utils - INFO - Dense embeddings loaded: shape=(2692, 384)
2025-12-03 00:16:49,236 - utils - INFO - Loading dense retrieval model: sentence-transformers/all-MiniLM-L6-v2
2025-12-03 00:16:52,691 - utils - INFO - Retriever loaded with 2692 articles
2025-12-03 00:16:52,692 - utils - INFO - Loading indices...
2025-12-03 00:16:52,692 - utils - INFO - Loading BM25 index...
2025-12-03 00:16:52,693 - utils - INFO - Loading BM25 index from /home/haseeb-raza/Desktop/IR_Assignment_3/implementation/indexes/bm25_index
2025-12-03 00:16:52,714 - utils - INFO - BM25 index loaded successfully
2025-12-03 00:16:52,717 - utils - INFO - Loading article metadata...
2025-12-03 00:16:52,986 - utils - INFO - Loading dense embeddings...
2025-12-03 00:16:52,989 - utils - INFO - Loading dense embeddings from /home/haseeb-raza/Desktop/IR_Assignment_3/implementation/indexes/dense_embeddings.npy
2025-12-03 00:16:52,990 - utils - INFO - Dense embeddings loaded: shape=(2692, 384)
2025-12-03 00:16:56,089 - utils - INFO - Loading dense retrieval model: sentence-transformers/all-MiniLM-L6-v2
2025-12-03 00:16:59,462 - utils - INFO - Retriever loaded with 2692 articles
2025-12-03 00:16:59,462 - utils - INFO - Indices loaded: 2692 articles indexed
2025-12-03 00:16:59,462 - utils - INFO - Pipeline initialized successfully!
2025-12-03 00:16:59,463 - utils - INFO - Processing query: 'business AND (merger OR acquisition)'
2025-12-03 00:16:59,486 - utils - INFO - Query processed: 'business AND (merger OR acquisition)' -> type='exploratory'
2025-12-03 00:16:59,487 - utils - INFO - process completed in 24.17ms
2025-12-03 00:16:59,487 - utils - INFO - Query Processing completed in 24.51ms
2025-12-03 00:16:59,551 - utils - INFO - search_with_documents completed in 63.47ms
2025-12-03 00:16:59,551 - utils - INFO - Retrieval completed in 63.72ms
2025-12-03 00:16:59,551 - utils - INFO - Reranking 9 documents with cross-encoder
2025-12-03 00:17:03,111 - utils - INFO - Reranking complete. Top score: -4.3658
2025-12-03 00:17:03,111 - utils - INFO - rerank completed in 3560.17ms
2025-12-03 00:17:03,112 - utils - INFO - Ensemble reranking complete. Top ensemble score: 0.8000
2025-12-03 00:17:03,112 - utils - INFO - rerank completed in 3560.82ms
2025-12-03 00:17:03,112 - utils - INFO - Reranking completed in 3561.09ms
2025-12-03 00:17:03,113 - utils - INFO - Starting post-processing pipeline for 9 documents
2025-12-03 00:17:03,113 - utils - INFO - Deduplication: 9 -> 8 documents
2025-12-03 00:17:03,113 - utils - INFO - rerank completed in 0.12ms
2025-12-03 00:17:03,113 - utils - INFO - Post-processing complete: 8 final results
2025-12-03 00:17:03,113 - utils - INFO - process completed in 0.80ms
2025-12-03 00:17:03,113 - utils - INFO - Post-Processing completed in 0.92ms
2025-12-03 00:19:22,322 - utils - INFO - Initializing Cortex IR System...
2025-12-03 00:19:22,322 - utils - INFO - Checking system readiness...
2025-12-03 00:19:22,323 - utils - INFO - ✅ Preprocessed data found
2025-12-03 00:19:22,323 - utils - INFO - ✅ Search indices found
2025-12-03 00:19:22,323 - utils - INFO - ✅ All components ready - launching UI...
2025-12-03 00:19:27,853 - utils - INFO - Loading IR pipeline...
2025-12-03 00:19:27,853 - utils - INFO - Initializing Cortex IR Pipeline...
2025-12-03 00:19:27,853 - utils - INFO - Loading spaCy model: en_core_web_sm
2025-12-03 00:19:28,774 - utils - INFO - Loading vocabulary for spell checker...
2025-12-03 00:19:29,222 - utils - INFO - Loaded 21795 terms into spell checker
2025-12-03 00:19:29,222 - utils - INFO - Query processor initialized
2025-12-03 00:19:29,244 - utils - INFO - Loading cross-encoder model: cross-encoder/ms-marco-MiniLM-L-6-v2
2025-12-03 00:19:29,244 - utils - INFO - Using device: cpu
2025-12-03 00:19:32,477 - utils - INFO - Neural reranker initialized
2025-12-03 00:19:32,477 - utils - INFO - Ensemble reranker initialized
2025-12-03 00:19:32,478 - utils - INFO - Post-processor initialized
2025-12-03 00:19:33,012 - utils - INFO - Loading processed data for Boolean Retrieval...
2025-12-03 00:19:33,178 - utils - INFO - Building positional inverted index for 2692 articles...
2025-12-03 00:19:33,870 - utils - INFO - Inverted index built with 21795 terms
2025-12-03 00:19:33,870 - utils - INFO - build_index completed in 692.44ms
2025-12-03 00:19:33,894 - utils - INFO - Loading BM25 index from /home/haseeb-raza/Desktop/IR_Assignment_3/implementation/indexes/bm25_index
2025-12-03 00:19:33,905 - utils - INFO - BM25 index loaded successfully
2025-12-03 00:19:34,036 - utils - INFO - Loading dense embeddings from /home/haseeb-raza/Desktop/IR_Assignment_3/implementation/indexes/dense_embeddings.npy
2025-12-03 00:19:34,037 - utils - INFO - Dense embeddings loaded: shape=(2692, 384)
2025-12-03 00:19:38,252 - utils - INFO - Loading dense retrieval model: sentence-transformers/all-MiniLM-L6-v2
2025-12-03 00:19:41,839 - utils - INFO - Retriever loaded with 2692 articles
2025-12-03 00:19:41,839 - utils - INFO - Loading indices...
2025-12-03 00:19:41,839 - utils - INFO - Loading BM25 index...
2025-12-03 00:19:41,839 - utils - INFO - Loading BM25 index from /home/haseeb-raza/Desktop/IR_Assignment_3/implementation/indexes/bm25_index
2025-12-03 00:19:41,850 - utils - INFO - BM25 index loaded successfully
2025-12-03 00:19:41,850 - utils - INFO - Loading article metadata...
2025-12-03 00:19:42,021 - utils - INFO - Loading dense embeddings...
2025-12-03 00:19:42,022 - utils - INFO - Loading dense embeddings from /home/haseeb-raza/Desktop/IR_Assignment_3/implementation/indexes/dense_embeddings.npy
2025-12-03 00:19:42,023 - utils - INFO - Dense embeddings loaded: shape=(2692, 384)
2025-12-03 00:19:47,347 - utils - INFO - Loading dense retrieval model: sentence-transformers/all-MiniLM-L6-v2
2025-12-03 00:19:50,681 - utils - INFO - Retriever loaded with 2692 articles
2025-12-03 00:19:50,681 - utils - INFO - Indices loaded: 2692 articles indexed
2025-12-03 00:19:50,681 - utils - INFO - Pipeline initialized successfully!
2025-12-03 00:19:50,681 - utils - INFO - ✅ Pipeline loaded successfully!
2025-12-03 00:19:50,681 - utils - INFO - 🎉 Cortex IR System initialized and ready!
2025-12-03 00:20:30,321 - utils - INFO - Processing query: 'impact of inflation on economy'
2025-12-03 00:20:30,356 - utils - INFO - Query processed: 'impact of inflation on economy' -> type='analytical'
2025-12-03 00:20:30,356 - utils - INFO - process completed in 34.69ms
2025-12-03 00:20:30,356 - utils - INFO - Query Processing completed in 34.85ms
2025-12-03 00:20:30,360 - utils - INFO - _bm25_retrieve completed in 3.94ms
2025-12-03 00:20:30,404 - utils - INFO - _dense_retrieve completed in 42.91ms
2025-12-03 00:20:30,406 - utils - INFO - _hybrid_retrieve completed in 49.72ms
2025-12-03 00:20:30,408 - utils - INFO - retrieve completed in 51.40ms
2025-12-03 00:20:30,411 - utils - INFO - retrieve_with_documents completed in 54.87ms
2025-12-03 00:20:30,416 - utils - INFO - Retrieval completed in 60.17ms
2025-12-03 00:20:30,418 - utils - INFO - Search Query: 'impact of inflation on economy'
2025-12-03 00:20:30,419 - utils - INFO - Corrected Query: 'impact of inflation on economy'
2025-12-03 00:20:30,421 - utils - INFO - Correction diff: False
2025-12-03 00:20:41,640 - utils - INFO - Processing query: 'technology AND innovation'
2025-12-03 00:20:41,672 - utils - INFO - Query processed: 'technology AND innovation' -> type='exploratory'
2025-12-03 00:20:41,673 - utils - INFO - process completed in 32.25ms
2025-12-03 00:20:41,673 - utils - INFO - Query Processing completed in 32.43ms
2025-12-03 00:20:41,733 - utils - INFO - search_with_documents completed in 60.06ms
2025-12-03 00:20:41,734 - utils - INFO - Retrieval completed in 60.95ms
2025-12-03 00:20:49,111 - utils - INFO - Processing query: 'business AND (merger OR acquisition)'
2025-12-03 00:20:49,144 - utils - INFO - Query processed: 'business AND (merger OR acquisition)' -> type='exploratory'
2025-12-03 00:20:49,144 - utils - INFO - process completed in 33.18ms
2025-12-03 00:20:49,144 - utils - INFO - Query Processing completed in 33.33ms
2025-12-03 00:20:49,202 - utils - INFO - search_with_documents completed in 57.83ms
2025-12-03 00:20:49,202 - utils - INFO - Retrieval completed in 58.16ms
2025-12-03 00:20:53,325 - utils - INFO - Processing query: 'business AND (merger OR acquisition)'
2025-12-03 00:20:53,355 - utils - INFO - Query processed: 'business AND (merger OR acquisition)' -> type='exploratory'
2025-12-03 00:20:53,356 - utils - INFO - process completed in 30.65ms
2025-12-03 00:20:53,356 - utils - INFO - Query Processing completed in 30.79ms
2025-12-03 00:20:53,407 - utils - INFO - search_with_documents completed in 50.84ms
2025-12-03 00:20:53,407 - utils - INFO - Retrieval completed in 51.07ms
2025-12-03 00:21:01,241 - utils - INFO - Processing query: 'business AND (merger OR acquisition)'
2025-12-03 00:21:01,318 - utils - INFO - Query processed: 'business AND (merger OR acquisition)' -> type='exploratory'
2025-12-03 00:21:01,318 - utils - INFO - process completed in 77.59ms
2025-12-03 00:21:01,318 - utils - INFO - Query Processing completed in 77.76ms
2025-12-03 00:21:01,375 - utils - INFO - search_with_documents completed in 56.92ms
2025-12-03 00:21:01,376 - utils - INFO - Retrieval completed in 57.63ms
2025-12-03 00:21:05,568 - utils - INFO - Processing query: 'business AND (merger OR acquisition)'
2025-12-03 00:21:05,597 - utils - INFO - Query processed: 'business AND (merger OR acquisition)' -> type='exploratory'
2025-12-03 00:21:05,597 - utils - INFO - process completed in 28.89ms
2025-12-03 00:21:05,597 - utils - INFO - Query Processing completed in 29.03ms
2025-12-03 00:21:05,641 - utils - INFO - search_with_documents completed in 43.63ms
2025-12-03 00:21:05,642 - utils - INFO - Retrieval completed in 44.14ms
2025-12-03 00:21:09,180 - utils - INFO - Processing query: 'business AND (merger OR acquisition)'
2025-12-03 00:21:09,210 - utils - INFO - Query processed: 'business AND (merger OR acquisition)' -> type='exploratory'
2025-12-03 00:21:09,211 - utils - INFO - process completed in 30.59ms
2025-12-03 00:21:09,211 - utils - INFO - Query Processing completed in 30.81ms
2025-12-03 00:21:09,262 - utils - INFO - search_with_documents completed in 51.53ms
2025-12-03 00:21:09,263 - utils - INFO - Retrieval completed in 51.76ms
2025-12-03 00:21:37,552 - utils - INFO - Processing query: 'economy AND inflation NOT recession'
2025-12-03 00:21:37,581 - utils - INFO - Query processed: 'economy AND inflation NOT recession' -> type='exploratory'
2025-12-03 00:21:37,582 - utils - INFO - process completed in 30.90ms
2025-12-03 00:21:37,583 - utils - INFO - Query Processing completed in 31.10ms
2025-12-03 00:21:37,657 - utils - INFO - search_with_documents completed in 74.41ms
2025-12-03 00:21:37,658 - utils - INFO - Retrieval completed in 75.51ms
2025-12-03 00:21:37,659 - utils - INFO - Reranking 20 documents with cross-encoder
2025-12-03 00:21:41,077 - utils - INFO - Reranking complete. Top score: -4.2113
2025-12-03 00:21:41,077 - utils - INFO - rerank completed in 3418.11ms
2025-12-03 00:21:41,077 - utils - INFO - Ensemble reranking complete. Top ensemble score: 0.7186
2025-12-03 00:21:41,077 - utils - INFO - rerank completed in 3418.35ms
2025-12-03 00:21:41,077 - utils - INFO - Reranking completed in 3418.43ms
2025-12-03 00:21:41,077 - utils - INFO - Starting post-processing pipeline for 20 documents
2025-12-03 00:21:41,078 - utils - INFO - Deduplication: 20 -> 16 documents
2025-12-03 00:21:41,078 - utils - INFO - rerank completed in 0.31ms
2025-12-03 00:21:41,078 - utils - INFO - Post-processing complete: 10 final results
2025-12-03 00:21:41,078 - utils - INFO - process completed in 0.75ms
2025-12-03 00:21:41,078 - utils - INFO - Post-Processing completed in 0.83ms
2025-12-03 00:22:09,402 - utils - INFO - Processing query: 'economy AND inflation NOT recession'
2025-12-03 00:22:09,432 - utils - INFO - Query processed: 'economy AND inflation NOT recession' -> type='exploratory'
2025-12-03 00:22:09,433 - utils - INFO - process completed in 30.34ms
2025-12-03 00:22:09,433 - utils - INFO - Query Processing completed in 30.51ms
2025-12-03 00:22:09,513 - utils - INFO - search_with_documents completed in 79.58ms
2025-12-03 00:22:09,513 - utils - INFO - Retrieval completed in 80.48ms
2025-12-03 00:22:09,514 - utils - INFO - Reranking 20 documents with cross-encoder
2025-12-03 00:22:12,967 - utils - INFO - Reranking complete. Top score: -4.2113
2025-12-03 00:22:12,968 - utils - INFO - rerank completed in 3453.67ms
2025-12-03 00:22:12,968 - utils - INFO - Ensemble reranking complete. Top ensemble score: 0.7186
2025-12-03 00:22:12,968 - utils - INFO - rerank completed in 3454.41ms
2025-12-03 00:22:12,968 - utils - INFO - Reranking completed in 3454.49ms
2025-12-03 00:22:12,969 - utils - INFO - Starting post-processing pipeline for 20 documents
2025-12-03 00:22:12,969 - utils - INFO - Deduplication: 20 -> 16 documents
2025-12-03 00:22:12,969 - utils - INFO - rerank completed in 0.28ms
2025-12-03 00:22:12,969 - utils - INFO - Post-processing complete: 10 final results
2025-12-03 00:22:12,969 - utils - INFO - process completed in 0.69ms
2025-12-03 00:22:12,970 - utils - INFO - Post-Processing completed in 1.06ms
